- Nikto v2.1.6/2.1.5
- Nikto v2.1.6/2.1.5
+ Target Host: 10.10.10.150
+ Target Port: 80
+ GET The anti-clickjacking X-Frame-Options header is not present.
+ GET The X-XSS-Protection header is not defined. This header can hint to the user agent to protect against some forms of XSS
+ GET The X-Content-Type-Options header is not set. This could allow the user agent to render the content of the site in a different fashion to the MIME type
+ GET Server leaks inodes via ETags, header found with file /bin/, fields: 0x1f 0x56ccab6d29180 
+ VIWYMVQG Web Server returns a valid response with junk HTTP methods, this may cause false positives.
+ DEBUG DEBUG HTTP verb may show server debugging information. See http://msdn.microsoft.com/en-us/library/e8z01xdh%28VS.80%29.aspx for details.
+ OSVDB-8193: GET /index.php?module=ew_filemanager&type=admin&func=manager&pathext=../../../etc: EW FileManager for PostNuke allows arbitrary file retrieval.
+ OSVDB-3092: GET /administrator/: This might be interesting...
+ OSVDB-3092: GET /bin/: This might be interesting...
+ OSVDB-3092: GET /includes/: This might be interesting...
+ OSVDB-3092: GET /tmp/: This might be interesting...
+ OSVDB-3092: GET /bin/: This might be interesting... possibly a system shell found.
+ OSVDB-3092: GET /LICENSE.txt: License file found may identify site software.
+ OSVDB-3233: GET /icons/README: Apache default file found.
+ GET /htaccess.txt: Default Joomla! htaccess.txt file found. This should be removed or renamed.
+ GET /administrator/index.php: Admin login page/section found.
